0.000000
15.286624
49.681530
72.611465
95.541405
103.184715
103.184715
103.184715
95.541405
91.719749
95.541405
91.719749
91.719749
87.898087
91.719749
87.898087
87.898087
91.719749
87.898087
87.898087
91.719749
87.898087
84.076431
87.898087
91.719749
87.898087
87.898087
87.898087
87.898087
91.719749
84.076431
87.898087
87.898087
87.898087
91.719749
84.076431
87.898087
87.898087
91.719749
87.898087
84.076431
87.898087
91.719749
87.898087
84.076431
91.719749
87.898087
84.076431
91.719749
87.898087
87.898087
87.898087
84.076431
91.719749
87.898087
87.898087
87.898087
87.898087
87.898087
87.898087
87.898087
87.898087
87.898087
87.898087
87.898087
87.898087
91.719749
84.076431
87.898087
87.898087
87.898087
91.719749
84.076431
87.898087
91.719749
87.898087
84.076431
87.898087
87.898087
91.719749
87.898087
84.076431
87.898087
91.719749
87.898087
84.076431
87.898087
91.719749
87.898087
87.898087
87.898087
87.898087
87.898087
87.898087
87.898087
87.898087
87.898087
87.898087
87.898087
87.898087
87.898087
87.898087
87.898087
91.719749
84.076431
87.898087
87.898087
91.719749
84.076431
87.898087
87.898087
91.719749
87.898087
84.076431
87.898087
91.719749
87.898087
84.076431
87.898087
91.719749
87.898087
87.898087
84.076431
91.719749
87.898087
87.898087
84.076431
91.719749
87.898087
87.898087
87.898087
87.898087
87.898087
87.898087
87.898087
87.898087
87.898087
87.898087
87.898087
87.898087
91.719749
84.076431
87.898087
87.898087
87.898087
87.898087
91.719749
84.076431
87.898087
91.719749
84.076431
87.898087
91.719749
87.898087
84.076431
87.898087
91.719749
87.898087
84.076431
87.898087
91.719749
87.898087
87.898087
84.076431
91.719749
87.898087
87.898087
87.898087
87.898087
87.898087
87.898087
87.898087
87.898087
87.898087
87.898087
87.898087
87.898087
87.898087
87.898087
87.898087
87.898087
87.898087
91.719749
84.076431
87.898087
87.898087
87.898087
91.719749
87.898087
84.076431
87.898087
87.898087
91.719749
87.898087
87.898087
84.076431
87.898087
91.719749
87.898087
87.898087
84.076431
76.433121
57.324841
34.394905
30.573248
34.394905
38.216560
38.216560
38.216560
38.216560
38.216560
38.216560
42.038216
38.216560
38.216560
42.038216
38.216560
38.216560
42.038216
38.216560
42.038216
38.216560
42.038216
38.216560
38.216560
42.038216
42.038216
38.216560
38.216560
38.216560
45.859875
38.216560
38.216560
38.216560
42.038216
42.038216
38.216560
38.216560
42.038216
42.038216
38.216560
38.216560
42.038216
42.038216
38.216560
38.216560
38.216560
42.038216
42.038216
42.038216
38.216560
38.216560
38.216560
42.038216
38.216560
42.038216
42.038216
38.216560
38.216560
38.216560
42.038216
42.038216
42.038216
38.216560
38.216560
38.216560
42.038216
42.038216
38.216560
42.038216
38.216560
38.216560
42.038216
38.216560
42.038216
38.216560
42.038216
38.216560
42.038216
38.216560
42.038216
38.216560
42.038216
38.216560
38.216560
42.038216
42.038216
38.216560
38.216560
42.038216
38.216560
42.038216
38.216560
42.038216
38.216560
42.038216
38.216560
38.216560
42.038216
42.038216
38.216560
38.216560
42.038216
42.038216
38.216560
38.216560
42.038216
38.216560
42.038216
38.216560
38.216560
42.038216
42.038216
38.216560
42.038216
38.216560
38.216560
42.038216
38.216560
42.038216
42.038216
38.216560
38.216560
38.216560
42.038216
42.038216
38.216560
42.038216
38.216560
42.038216
38.216560
38.216560
42.038216
42.038216
38.216560
38.216560
38.216560
45.859875
38.216560
38.216560
38.216560
42.038216
42.038216
38.216560
42.038216
38.216560
38.216560
42.038216
42.038216
38.216560
38.216560
42.038216
38.216560
42.038216
38.216560
42.038216
38.216560
42.038216
38.216560
38.216560
42.038216
42.038216
38.216560
42.038216
38.216560
38.216560
42.038216
38.216560
42.038216
38.216560
38.216560
42.038216
42.038216
38.216560
42.038216
38.216560
38.216560
42.038216
42.038216
38.216560
38.216560
38.216560
42.038216
42.038216
42.038216
38.216560
38.216560
38.216560
42.038216
42.038216
38.216560
38.216560
42.038216
42.038216
38.216560
38.216560
42.038216
38.216560
42.038216
38.216560
0.000000
