0.000000
15.286624
45.859875
76.433121
91.719749
110.828026
107.006371
103.184715
99.363060
91.719749
91.719749
91.719749
91.719749
91.719749
87.898087
87.898087
91.719749
91.719749
87.898087
87.898087
84.076431
91.719749
91.719749
84.076431
87.898087
87.898087
91.719749
87.898087
87.898087
87.898087
87.898087
87.898087
87.898087
87.898087
87.898087
87.898087
87.898087
87.898087
87.898087
91.719749
84.076431
87.898087
87.898087
91.719749
84.076431
87.898087
87.898087
91.719749
87.898087
84.076431
87.898087
91.719749
87.898087
84.076431
87.898087
91.719749
87.898087
87.898087
84.076431
91.719749
87.898087
87.898087
84.076431
91.719749
91.719749
84.076431
84.076431
91.719749
87.898087
87.898087
87.898087
87.898087
87.898087
87.898087
87.898087
87.898087
91.719749
84.076431
84.076431
91.719749
91.719749
87.898087
84.076431
87.898087
84.076431
91.719749
87.898087
87.898087
91.719749
87.898087
87.898087
84.076431
91.719749
87.898087
84.076431
87.898087
91.719749
91.719749
84.076431
84.076431
87.898087
87.898087
91.719749
87.898087
87.898087
87.898087
87.898087
87.898087
87.898087
87.898087
87.898087
87.898087
87.898087
91.719749
84.076431
84.076431
91.719749
91.719749
87.898087
84.076431
87.898087
87.898087
91.719749
87.898087
84.076431
87.898087
87.898087
91.719749
87.898087
87.898087
84.076431
87.898087
91.719749
87.898087
87.898087
84.076431
87.898087
91.719749
91.719749
84.076431
84.076431
91.719749
87.898087
87.898087
84.076431
91.719749
91.719749
84.076431
84.076431
91.719749
91.719749
84.076431
84.076431
91.719749
91.719749
87.898087
80.254776
91.719749
91.719749
87.898087
84.076431
87.898087
87.898087
91.719749
87.898087
84.076431
91.719749
87.898087
84.076431
87.898087
91.719749
91.719749
84.076431
84.076431
87.898087
87.898087
91.719749
87.898087
87.898087
87.898087
87.898087
84.076431
91.719749
91.719749
84.076431
84.076431
91.719749
91.719749
84.076431
84.076431
91.719749
91.719749
87.898087
80.254776
91.719749
91.719749
84.076431
87.898087
87.898087
91.719749
87.898087
72.611465
53.503185
42.038216
30.573248
26.751593
30.573248
42.038216
42.038216
38.216560
38.216560
38.216560
38.216560
38.216560
38.216560
42.038216
42.038216
38.216560
38.216560
38.216560
42.038216
42.038216
38.216560
38.216560
38.216560
45.859875
38.216560
38.216560
38.216560
42.038216
42.038216
38.216560
38.216560
42.038216
42.038216
38.216560
38.216560
38.216560
45.859875
38.216560
38.216560
38.216560
42.038216
42.038216
42.038216
34.394905
42.038216
38.216560
42.038216
38.216560
42.038216
42.038216
38.216560
38.216560
38.216560
42.038216
42.038216
42.038216
34.394905
42.038216
42.038216
38.216560
38.216560
42.038216
42.038216
38.216560
38.216560
42.038216
38.216560
42.038216
38.216560
38.216560
45.859875
38.216560
38.216560
38.216560
42.038216
42.038216
38.216560
38.216560
42.038216
38.216560
42.038216
42.038216
34.394905
42.038216
42.038216
26.751593
45.859875
49.681530
42.038216
34.394905
34.394905
45.859875
42.038216
38.216560
38.216560
42.038216
38.216560
42.038216
42.038216
34.394905
42.038216
42.038216
38.216560
42.038216
38.216560
38.216560
42.038216
38.216560
42.038216
42.038216
34.394905
45.859875
38.216560
38.216560
38.216560
42.038216
42.038216
42.038216
34.394905
42.038216
42.038216
38.216560
38.216560
38.216560
45.859875
42.038216
34.394905
38.216560
42.038216
42.038216
38.216560
38.216560
45.859875
38.216560
38.216560
38.216560
38.216560
45.859875
42.038216
34.394905
38.216560
42.038216
42.038216
42.038216
38.216560
38.216560
42.038216
38.216560
38.216560
42.038216
42.038216
38.216560
38.216560
42.038216
42.038216
38.216560
38.216560
38.216560
45.859875
38.216560
38.216560
38.216560
42.038216
42.038216
42.038216
34.394905
42.038216
42.038216
38.216560
38.216560
38.216560
45.859875
38.216560
38.216560
42.038216
38.216560
42.038216
38.216560
38.216560
42.038216
42.038216
38.216560
42.038216
38.216560
38.216560
42.038216
38.216560
42.038216
42.038216
38.216560
38.216560
38.216560
42.038216
42.038216
38.216560
42.038216
38.216560
42.038216
2.018311
