0.000000
19.108280
45.859875
76.433121
87.898087
103.184715
99.363060
99.363060
95.541405
95.541405
95.541405
95.541405
91.719749
91.719749
91.719749
91.719749
84.076431
91.719749
49.681530
91.719749
91.719749
99.363060
99.363060
99.363060
95.541405
95.541405
84.076431
84.076431
84.076431
84.076431
84.076431
84.076431
84.076431
84.076431
91.719749
87.898087
87.898087
95.541405
87.898087
91.719749
91.719749
87.898087
87.898087
87.898087
80.254776
91.719749
84.076431
84.076431
91.719749
84.076431
91.719749
87.898087
87.898087
91.719749
87.898087
87.898087
87.898087
87.898087
87.898087
87.898087
84.076431
91.719749
87.898087
87.898087
84.076431
91.719749
87.898087
87.898087
87.898087
87.898087
91.719749
84.076431
87.898087
87.898087
87.898087
87.898087
84.076431
91.719749
91.719749
87.898087
42.038216
80.254776
95.541405
103.184715
103.184715
103.184715
103.184715
95.541405
91.719749
84.076431
80.254776
80.254776
76.433121
84.076431
80.254776
87.898087
84.076431
91.719749
95.541405
95.541405
91.719749
91.719749
87.898087
87.898087
84.076431
84.076431
91.719749
84.076431
84.076431
87.898087
87.898087
91.719749
84.076431
91.719749
87.898087
91.719749
87.898087
84.076431
91.719749
87.898087
87.898087
84.076431
84.076431
91.719749
87.898087
87.898087
91.719749
84.076431
91.719749
87.898087
87.898087
87.898087
87.898087
84.076431
91.719749
87.898087
87.898087
87.898087
87.898087
87.898087
87.898087
84.076431
87.898087
87.898087
91.719749
91.719749
84.076431
91.719749
84.076431
91.719749
84.076431
87.898087
87.898087
87.898087
87.898087
87.898087
87.898087
91.719749
84.076431
91.719749
84.076431
91.719749
84.076431
91.719749
84.076431
91.719749
84.076431
91.719749
84.076431
91.719749
84.076431
91.719749
87.898087
87.898087
87.898087
87.898087
87.898087
87.898087
87.898087
87.898087
87.898087
87.898087
87.898087
87.898087
84.076431
91.719749
87.898087
87.898087
87.898087
87.898087
87.898087
87.898087
91.719749
87.898087
84.076431
87.898087
87.898087
87.898087
87.898087
87.898087
87.898087
76.433121
57.324841
38.216560
34.394905
34.394905
34.394905
34.394905
38.216560
38.216560
38.216560
38.216560
38.216560
38.216560
42.038216
42.038216
38.216560
42.038216
42.038216
38.216560
38.216560
42.038216
38.216560
38.216560
19.108280
38.216560
45.859875
49.681530
45.859875
15.286624
45.859875
53.503185
45.859875
15.286624
49.681530
53.503185
45.859875
49.681530
42.038216
45.859875
34.394905
34.394905
34.394905
34.394905
34.394905
34.394905
45.859875
42.038216
42.038216
45.859875
38.216560
38.216560
42.038216
42.038216
42.038216
42.038216
38.216560
38.216560
34.394905
38.216560
42.038216
38.216560
42.038216
38.216560
42.038216
38.216560
45.859875
38.216560
42.038216
42.038216
38.216560
38.216560
38.216560
38.216560
38.216560
42.038216
42.038216
38.216560
38.216560
45.859875
38.216560
38.216560
42.038216
42.038216
38.216560
38.216560
42.038216
38.216560
38.216560
42.038216
38.216560
42.038216
42.038216
38.216560
38.216560
42.038216
38.216560
42.038216
38.216560
42.038216
38.216560
42.038216
38.216560
38.216560
42.038216
38.216560
42.038216
38.216560
7.643312
42.038216
49.681530
49.681530
53.503185
49.681530
45.859875
42.038216
38.216560
34.394905
38.216560
30.573248
38.216560
34.394905
34.394905
45.859875
42.038216
42.038216
45.859875
38.216560
45.859875
38.216560
38.216560
38.216560
38.216560
42.038216
34.394905
30.573248
42.038216
45.859875
42.038216
7.643312
45.859875
53.503185
53.503185
45.859875
53.503185
42.038216
42.038216
38.216560
30.573248
34.394905
34.394905
30.573248
38.216560
42.038216
42.038216
45.859875
45.859875
42.038216
42.038216
38.216560
38.216560
42.038216
38.216560
34.394905
38.216560
38.216560
45.859875
38.216560
45.859875
38.216560
38.216560
42.038216
42.038216
38.216560
38.216560
38.216560
38.216560
38.216560
42.038216
42.038216
38.216560
42.038216
42.038216
42.038216
38.216560
38.216560
38.216560
42.038216
38.216560
38.216560
42.038216
42.038216
38.216560
42.038216
42.038216
38.216560
38.216560
38.216560
42.038216
38.216560
0.000000
