7064
8192
393
2048
6739
2048
5985
2048
6737
2048
655
2048
8801
2048
0
0
0
0
0
0
0
0
7091
2048
711
2048
0
0
7089
2048
7373
2048
419
2048
419
2048
419
2048
419
2048
419
2048
419
2048
419
2048
419
2048
419
2048
419
2048
419
2048
419
2048
419
2048
419
2048
419
2048
419
2048
657
2048
419
2048
419
2048
419
2048
419
2048
419
2048
419
2048
419
2048
419
2048
419
2048
419
2048
419
2048
419
2048
419
2048
419
2048
419
2048
419
2048
419
2048
419
2048
419
2048
419
2048
419
2048
8789
2048
419
2048
419
2048
419
2048
419
2048
61440
63490
61440
63546
40970
59536
3072
17538
17539
61866
1793
17882
53505
61440
63535
62127
3593
59578
15
61459
3841
48920
6907
61507
769
18200
10676
0
10708
0
14864
48932
51320
49528
55546
1874
48932
51248
49456
48964
26628
24588
18288
0
8960
9216
9472
9728
14864
48936
49528
55547
1874
48936
49456
48968
24587
18288
46367
48415
46352
48400
61440
63580
17937
63487
65527
61442
63689
61440
63610
46083
63487
65522
48131
61440
63613
0
18441
18304
18441
18176
59390
59390
59390
59390
59390
59390
59390
59390
59390
59390
18436
18693
18949
19206
18288
0
7471
2048
237
2048
5528
8192
7064
8192
6040
8192
6040
8192
61519
512
46336
17939
18068
18070
14624
48930
59552
20492
59552
20492
61873
288
62655
45047
1801
48936
59552
20492
48968
49164
63581
60164
137
48936
63552
11012
48904
18288
48968
63520
11010
61457
20352
48920
63488
11009
18288
18288
18288
18288
18432
18288
5432
8192
18037
63487
65529
18094
5
18025
18003
61472
7
18053
45080
46368
63487
65458
59581
16416
61519
1536
61519
1792
61519
2048
61519
2816
61473
263
18092
59564
2496
59564
2496
59564
2496
59564
2496
18061
18288
46352
17924
62383
32768
17952
59581
16400
63487
49021
18689
8216
48811
59390
38
2
18288
59390
18433
61440
47243
0
5364
8192
46384
63632
20544
9217
16556
27589
24684
26628
24675
26691
11024
26627
53251
24729
26624
24770
48432
24730
26624
24769
48432
18288
46706
59390
46352
63632
4129
8704
10498
53253
8452
25473
63616
8224
8193
48400
26625
26635
61475
782
24587
26625
26635
61475
769
24587
63632
12352
27588
8449
64001
62211
24675
63616
4129
63616
8224
17936
48400
0
46352
63632
4129
9216
10498
53251
8452
