Removed Pin From Net: NetName=PA5 Pin=Driver1-11
Removed Pin From Net: NetName=PA4 Pin=Driver1-12
Removed Pin From Net: NetName=PA3 Pin=Driver1-13
Removed Pin From Net: NetName=PA2 Pin=Driver1-14
Removed Pin From Net: NetName=PA3 Pin=Driver2-13
Removed Pin From Net: NetName=PB0 Pin=Driver2-14
Removed Pin From Net: NetName=PB1 Pin=Driver2-15
Removed Pin From Net: NetName=M2+ Pin=PS2-1
Removed Pin From Net: NetName=GND Pin=PS2-2
Removed Pin From Net: NetName=PA8 Pin=PS2-3
Removed Pin From Net: NetName=PA9 Pin=PS2-4
Removed Pin From Net: NetName=3V3_input Pin=PS2-5
Removed Pin From Net: NetName=M2- Pin=PS2-6
Added Pin To Net: NetName=PB1 Pin=Driver1-11
Added Pin To Net: NetName=PB0 Pin=Driver1-12
Added Pin To Net: NetName=PA10 Pin=Driver1-13
Added Pin To Net: NetName=PA5 Pin=Driver1-14
Added Pin To Net: NetName=PA10 Pin=Driver2-13
Added Pin To Net: NetName=PC15 Pin=Driver2-14
Added Pin To Net: NetName=PC14 Pin=Driver2-15
Added Pin To Net: NetName=5V_input Pin=PS2-1
Added Pin To Net: NetName=PB12 Pin=PS2-2
Added Pin To Net: NetName=PB13 Pin=PS2-3
Added Pin To Net: NetName=PB14 Pin=PS2-4
Added Pin To Net: NetName=PB15 Pin=PS2-5
Added Pin To Net: NetName=GND Pin=PS2-6
Added Room: Name=Schematic
